# JRE version: OpenJDK Runtime Environment Microsoft-9889599 (17.0.12+7) (build 17.0.12+7-LTS)
# Java VM: OpenJDK 64-Bit Server VM Microsoft-9889599 (17.0.12+7-LTS, mixed mode, sharing, tiered, compressed oops, compressed class ptrs, g1 gc, windows-amd64)
GC Precious Log:
 CPUs: 16 total, 16 available
 Memory: 7365M
 Large Page Support: Disabled
 NUMA Support: Disabled
 Compressed Oops: Enabled (32-bit)
 Heap Region Size: 1M
 Heap Min Capacity: 8M
 Heap Initial Capacity: 116M
 Heap Max Capacity: 2G
 Pre-touch: Disabled
 Parallel Workers: 13
 Concurrent Workers: 3
 Concurrent Refinement Workers: 13
 Periodic GC: Disabled
Heap:
 garbage-first heap   total 334848K, used 261699K [0x0000000080000000, 0x0000000100000000)
  region size 1024K, 63 young (64512K), 2 survivors (2048K)
 Metaspace       used 107967K, committed 109184K, reserved 557056K
  class space    used 15008K, committed 15552K, reserved 425984K
GC Heap History (20 events):
Event: 82.892 GC heap before
{Heap before GC invocations=69 (full 0):
 garbage-first heap   total 288768K, used 237285K [0x0000000080000000, 0x0000000100000000)
  region size 1024K, 88 young (90112K), 2 survivors (2048K)
 Metaspace       used 104287K, committed 105408K, reserved 557056K
  class space    used 14574K, committed 15104K, reserved 425984K
}
Event: 82.897 GC heap after
{Heap after GC invocations=70 (full 0):
 garbage-first heap   total 288768K, used 156877K [0x0000000080000000, 0x0000000100000000)
  region size 1024K, 10 young (10240K), 10 survivors (10240K)
 Metaspace       used 104287K, committed 105408K, reserved 557056K
  class space    used 14574K, committed 15104K, reserved 425984K
}
Event: 84.392 GC heap before
{Heap before GC invocations=70 (full 0):
 garbage-first heap   total 288768K, used 237773K [0x0000000080000000, 0x0000000100000000)
  region size 1024K, 89 young (91136K), 10 survivors (10240K)
 Metaspace       used 107038K, committed 108224K, reserved 557056K
  class space    used 14921K, committed 15488K, reserved 425984K
}
Event: 84.403 GC heap after
{Heap after GC invocations=71 (full 0):
 garbage-first heap   total 288768K, used 166015K [0x0000000080000000, 0x0000000100000000)
  region size 1024K, 10 young (10240K), 10 survivors (10240K)
 Metaspace       used 107038K, committed 108224K, reserved 557056K
  class space    used 14921K, committed 15488K, reserved 425984K
}
Event: 85.567 GC heap before
{Heap before GC invocations=71 (full 0):
 garbage-first heap   total 288768K, used 235647K [0x0000000080000000, 0x0000000100000000)
  region size 1024K, 79 young (80896K), 10 survivors (10240K)
 Metaspace       used 107187K, committed 108352K, reserved 557056K
  class space    used 14932K, committed 15488K, reserved 425984K
}
Event: 85.579 GC heap after
{Heap after GC invocations=72 (full 0):
 garbage-first heap   total 288768K, used 179142K [0x0000000080000000, 0x0000000100000000)
  region size 1024K, 10 young (10240K), 10 survivors (10240K)
 Metaspace       used 107187K, committed 108352K, reserved 557056K
  class space    used 14932K, committed 15488K, reserved 425984K
}
Event: 85.890 GC heap before
{Heap before GC invocations=73 (full 0):
 garbage-first heap   total 327680K, used 235462K [0x0000000080000000, 0x0000000100000000)
  region size 1024K, 66 young (67584K), 10 survivors (10240K)
 Metaspace       used 107187K, committed 108352K, reserved 557056K
  class space    used 14932K, committed 15488K, reserved 425984K
}
Event: 85.899 GC heap after
{Heap after GC invocations=74 (full 0):
 garbage-first heap   total 327680K, used 182620K [0x0000000080000000, 0x0000000100000000)
  region size 1024K, 5 young (5120K), 5 survivors (5120K)
 Metaspace       used 107187K, committed 108352K, reserved 557056K
  class space    used 14932K, committed 15488K, reserved 425984K
}
Event: 85.952 GC heap before
{Heap before GC invocations=74 (full 0):
 garbage-first heap   total 327680K, used 193884K [0x0000000080000000, 0x0000000100000000)
  region size 1024K, 16 young (16384K), 5 survivors (5120K)
 Metaspace       used 107187K, committed 108352K, reserved 557056K
  class space    used 14932K, committed 15488K, reserved 425984K
}
Event: 85.957 GC heap after
{Heap after GC invocations=75 (full 0):
 garbage-first heap   total 327680K, used 180763K [0x0000000080000000, 0x0000000100000000)
  region size 1024K, 2 young (2048K), 2 survivors (2048K)
 Metaspace       used 107187K, committed 108352K, reserved 557056K
  class space    used 14932K, committed 15488K, reserved 425984K
}
Event: 89.532 GC heap before
{Heap before GC invocations=75 (full 0):
 garbage-first heap   total 327680K, used 266779K [0x0000000080000000, 0x0000000100000000)
  region size 1024K, 86 young (88064K), 2 survivors (2048K)
 Metaspace       used 107520K, committed 108672K, reserved 557056K
  class space    used 14960K, committed 15488K, reserved 425984K
}
Event: 89.542 GC heap after
{Heap after GC invocations=76 (full 0):
 garbage-first heap   total 327680K, used 188422K [0x0000000080000000, 0x0000000100000000)
  region size 1024K, 10 young (10240K), 10 survivors (10240K)
 Metaspace       used 107520K, committed 108672K, reserved 557056K
  class space    used 14960K, committed 15488K, reserved 425984K
}
Event: 89.825 GC heap before
{Heap before GC invocations=76 (full 0):
 garbage-first heap   total 327680K, used 267270K [0x0000000080000000, 0x0000000100000000)
  region size 1024K, 88 young (90112K), 10 survivors (10240K)
 Metaspace       used 107520K, committed 108672K, reserved 557056K
  class space    used 14960K, committed 15488K, reserved 425984K
}
Event: 89.835 GC heap after
{Heap after GC invocations=77 (full 0):
 garbage-first heap   total 327680K, used 190767K [0x0000000080000000, 0x0000000100000000)
  region size 1024K, 5 young (5120K), 5 survivors (5120K)
 Metaspace       used 107520K, committed 108672K, reserved 557056K
  class space    used 14960K, committed 15488K, reserved 425984K
}
Event: 90.221 GC heap before
{Heap before GC invocations=77 (full 0):
 garbage-first heap   total 327680K, used 211247K [0x0000000080000000, 0x0000000100000000)
  region size 1024K, 27 young (27648K), 5 survivors (5120K)
 Metaspace       used 107746K, committed 108928K, reserved 557056K
  class space    used 14988K, committed 15552K, reserved 425984K
}
Event: 90.231 GC heap after
{Heap after GC invocations=78 (full 0):
 garbage-first heap   total 327680K, used 193507K [0x0000000080000000, 0x0000000100000000)
  region size 1024K, 8 young (8192K), 8 survivors (8192K)
 Metaspace       used 107746K, committed 108928K, reserved 557056K
  class space    used 14988K, committed 15552K, reserved 425984K
}
Event: 92.990 GC heap before
{Heap before GC invocations=79 (full 0):
 garbage-first heap   total 334848K, used 271331K [0x0000000080000000, 0x0000000100000000)
  region size 1024K, 84 young (86016K), 8 survivors (8192K)
 Metaspace       used 107881K, committed 109120K, reserved 557056K
  class space    used 14996K, committed 15552K, reserved 425984K
}
Event: 93.001 GC heap after
{Heap after GC invocations=80 (full 0):
 garbage-first heap   total 334848K, used 200855K [0x0000000080000000, 0x0000000100000000)
  region size 1024K, 11 young (11264K), 11 survivors (11264K)
 Metaspace       used 107881K, committed 109120K, reserved 557056K
  class space    used 14996K, committed 15552K, reserved 425984K
}
Event: 93.045 GC heap before
{Heap before GC invocations=80 (full 0):
 garbage-first heap   total 334848K, used 204951K [0x0000000080000000, 0x0000000100000000)
  region size 1024K, 16 young (16384K), 11 survivors (11264K)
 Metaspace       used 107881K, committed 109120K, reserved 557056K
  class space    used 14996K, committed 15552K, reserved 425984K
}
Event: 93.054 GC heap after
{Heap after GC invocations=81 (full 0):
 garbage-first heap   total 334848K, used 199235K [0x0000000080000000, 0x0000000100000000)
  region size 1024K, 2 young (2048K), 2 survivors (2048K)
 Metaspace       used 107881K, committed 109120K, reserved 557056K
  class space    used 14996K, committed 15552K, reserved 425984K
}

