# JRE version: OpenJDK Runtime Environment Microsoft-9889599 (17.0.12+7) (build 17.0.12+7-LTS)
# Java VM: OpenJDK 64-Bit Server VM Microsoft-9889599 (17.0.12+7-LTS, mixed mode, sharing, tiered, compressed oops, compressed class ptrs, g1 gc, windows-amd64)
GC Precious Log:
 CPUs: 16 total, 16 available
 Memory: 7365M
 Large Page Support: Disabled
 NUMA Support: Disabled
 Compressed Oops: Enabled (32-bit)
 Heap Region Size: 1M
 Heap Min Capacity: 8M
 Heap Initial Capacity: 116M
 Heap Max Capacity: 2G
 Pre-touch: Disabled
 Parallel Workers: 13
 Concurrent Workers: 3
 Concurrent Refinement Workers: 13
 Periodic GC: Disabled
Heap:
 garbage-first heap   total 340992K, used 270695K [0x0000000080000000, 0x0000000100000000)
  region size 1024K, 126 young (129024K), 8 survivors (8192K)
 Metaspace       used 104583K, committed 105728K, reserved 557056K
  class space    used 14587K, committed 15104K, reserved 425984K
GC Heap History (20 events):
Event: 58.865 GC heap before
{Heap before GC invocations=36 (full 0):
 garbage-first heap   total 162816K, used 126466K [0x0000000080000000, 0x0000000100000000)
  region size 1024K, 53 young (54272K), 1 survivors (1024K)
 Metaspace       used 72140K, committed 73024K, reserved 491520K
  class space    used 10148K, committed 10560K, reserved 425984K
}
Event: 58.943 GC heap after
{Heap after GC invocations=37 (full 0):
 garbage-first heap   total 162816K, used 81733K [0x0000000080000000, 0x0000000100000000)
  region size 1024K, 7 young (7168K), 7 survivors (7168K)
 Metaspace       used 72140K, committed 73024K, reserved 491520K
  class space    used 10148K, committed 10560K, reserved 425984K
}
Event: 59.638 GC heap before
{Heap before GC invocations=38 (full 0):
 garbage-first heap   total 179200K, used 125765K [0x0000000080000000, 0x0000000100000000)
  region size 1024K, 51 young (52224K), 7 survivors (7168K)
 Metaspace       used 72203K, committed 73088K, reserved 491520K
  class space    used 10148K, committed 10560K, reserved 425984K
}
Event: 59.658 GC heap after
{Heap after GC invocations=39 (full 0):
 garbage-first heap   total 179200K, used 84493K [0x0000000080000000, 0x0000000100000000)
  region size 1024K, 4 young (4096K), 4 survivors (4096K)
 Metaspace       used 72203K, committed 73088K, reserved 491520K
  class space    used 10148K, committed 10560K, reserved 425984K
}
Event: 59.707 GC heap before
{Heap before GC invocations=39 (full 0):
 garbage-first heap   total 179200K, used 87565K [0x0000000080000000, 0x0000000100000000)
  region size 1024K, 8 young (8192K), 4 survivors (4096K)
 Metaspace       used 72203K, committed 73088K, reserved 491520K
  class space    used 10148K, committed 10560K, reserved 425984K
}
Event: 59.718 GC heap after
{Heap after GC invocations=40 (full 0):
 garbage-first heap   total 179200K, used 82954K [0x0000000080000000, 0x0000000100000000)
  region size 1024K, 1 young (1024K), 1 survivors (1024K)
 Metaspace       used 72203K, committed 73088K, reserved 491520K
  class space    used 10148K, committed 10560K, reserved 425984K
}
Event: 60.140 GC heap before
{Heap before GC invocations=40 (full 0):
 garbage-first heap   total 179200K, used 139274K [0x0000000080000000, 0x0000000100000000)
  region size 1024K, 57 young (58368K), 1 survivors (1024K)
 Metaspace       used 72211K, committed 73088K, reserved 491520K
  class space    used 10148K, committed 10560K, reserved 425984K
}
Event: 60.200 GC heap after
{Heap after GC invocations=41 (full 0):
 garbage-first heap   total 340992K, used 85429K [0x0000000080000000, 0x0000000100000000)
  region size 1024K, 4 young (4096K), 4 survivors (4096K)
 Metaspace       used 72211K, committed 73088K, reserved 491520K
  class space    used 10148K, committed 10560K, reserved 425984K
}
Event: 67.189 GC heap before
{Heap before GC invocations=41 (full 0):
 garbage-first heap   total 340992K, used 264629K [0x0000000080000000, 0x0000000100000000)
  region size 1024K, 167 young (171008K), 4 survivors (4096K)
 Metaspace       used 81120K, committed 82048K, reserved 557056K
  class space    used 11140K, committed 11584K, reserved 425984K
}
Event: 67.202 GC heap after
{Heap after GC invocations=42 (full 0):
 garbage-first heap   total 340992K, used 102892K [0x0000000080000000, 0x0000000100000000)
  region size 1024K, 14 young (14336K), 14 survivors (14336K)
 Metaspace       used 81120K, committed 82048K, reserved 557056K
  class space    used 11140K, committed 11584K, reserved 425984K
}
Event: 73.787 GC heap before
{Heap before GC invocations=42 (full 0):
 garbage-first heap   total 340992K, used 258540K [0x0000000080000000, 0x0000000100000000)
  region size 1024K, 164 young (167936K), 14 survivors (14336K)
 Metaspace       used 88737K, committed 89664K, reserved 557056K
  class space    used 12177K, committed 12608K, reserved 425984K
}
Event: 74.109 GC heap after
{Heap after GC invocations=43 (full 0):
 garbage-first heap   total 340992K, used 112733K [0x0000000080000000, 0x0000000100000000)
  region size 1024K, 8 young (8192K), 8 survivors (8192K)
 Metaspace       used 88737K, committed 89664K, reserved 557056K
  class space    used 12177K, committed 12608K, reserved 425984K
}
Event: 81.502 GC heap before
{Heap before GC invocations=43 (full 0):
 garbage-first heap   total 340992K, used 236637K [0x0000000080000000, 0x0000000100000000)
  region size 1024K, 128 young (131072K), 8 survivors (8192K)
 Metaspace       used 96399K, committed 97408K, reserved 557056K
  class space    used 13367K, committed 13824K, reserved 425984K
}
Event: 81.511 GC heap after
{Heap after GC invocations=44 (full 0):
 garbage-first heap   total 340992K, used 116058K [0x0000000080000000, 0x0000000100000000)
  region size 1024K, 12 young (12288K), 12 survivors (12288K)
 Metaspace       used 96399K, committed 97408K, reserved 557056K
  class space    used 13367K, committed 13824K, reserved 425984K
}
Event: 84.522 GC heap before
{Heap before GC invocations=44 (full 0):
 garbage-first heap   total 340992K, used 271706K [0x0000000080000000, 0x0000000100000000)
  region size 1024K, 165 young (168960K), 12 survivors (12288K)
 Metaspace       used 98322K, committed 99328K, reserved 557056K
  class space    used 13605K, committed 14080K, reserved 425984K
}
Event: 84.547 GC heap after
{Heap after GC invocations=45 (full 0):
 garbage-first heap   total 340992K, used 125989K [0x0000000080000000, 0x0000000100000000)
  region size 1024K, 14 young (14336K), 14 survivors (14336K)
 Metaspace       used 98322K, committed 99328K, reserved 557056K
  class space    used 13605K, committed 14080K, reserved 425984K
}
Event: 87.722 GC heap before
{Heap before GC invocations=45 (full 0):
 garbage-first heap   total 340992K, used 278565K [0x0000000080000000, 0x0000000100000000)
  region size 1024K, 159 young (162816K), 14 survivors (14336K)
 Metaspace       used 100815K, committed 101824K, reserved 557056K
  class space    used 14006K, committed 14464K, reserved 425984K
}
Event: 87.742 GC heap after
{Heap after GC invocations=46 (full 0):
 garbage-first heap   total 340992K, used 141479K [0x0000000080000000, 0x0000000100000000)
  region size 1024K, 20 young (20480K), 20 survivors (20480K)
 Metaspace       used 100815K, committed 101824K, reserved 557056K
  class space    used 14006K, committed 14464K, reserved 425984K
}
Event: 88.900 GC heap before
{Heap before GC invocations=46 (full 0):
 garbage-first heap   total 340992K, used 269479K [0x0000000080000000, 0x0000000100000000)
  region size 1024K, 146 young (149504K), 20 survivors (20480K)
 Metaspace       used 100898K, committed 101952K, reserved 557056K
  class space    used 14008K, committed 14464K, reserved 425984K
}
Event: 88.972 GC heap after
{Heap after GC invocations=47 (full 0):
 garbage-first heap   total 340992K, used 148839K [0x0000000080000000, 0x0000000100000000)
  region size 1024K, 8 young (8192K), 8 survivors (8192K)
 Metaspace       used 100898K, committed 101952K, reserved 557056K
  class space    used 14008K, committed 14464K, reserved 425984K
}

